<?xml version="1.0" encoding="UTF-8"?>
<!-- Generated by org.testng.reporters.JUnitReportReporter -->
<testsuite hostname="DESKTOP-OIGE0TE" failures="0" tests="4" name="Test.AmazonPageTest" time="52.386" errors="0" timestamp="2020-02-26T19:50:15 IST" skipped="0">
  <testcase classname="Test.AmazonPageTest" name="homePage" time="44.051"/>
  <testcase classname="Test.AmazonPageTest" name="navigate_to_amazonPage" time="0.581"/>
  <testcase classname="Test.AmazonPageTest" name="enteringValueInSearch" time="6.984"/>
  <testcase classname="Test.AmazonPageTest" name="getting_the_price_of_the_phone" time="0.770"/>
</testsuite> <!-- Test.AmazonPageTest -->
