<?xml version="1.0" encoding="UTF-8"?>
<!-- Generated by org.testng.reporters.JUnitReportReporter -->
<testsuite hostname="DESKTOP-OIGE0TE" failures="0" tests="8" name="Test.FlipkartPageTest" time="33.685" errors="0" timestamp="2019-12-25T22:12:57 IST" skipped="0">
  <testcase classname="Test.FlipkartPageTest" name="homePage" time="12.570"/>
  <testcase classname="Test.FlipkartPageTest" name="navigate_to_amazonPage" time="0.461"/>
  <testcase classname="Test.FlipkartPageTest" name="enteringValueInSearch" time="5.495"/>
  <testcase classname="Test.FlipkartPageTest" name="getting_the_price_of_the_phone" time="0.629"/>
  <testcase classname="Test.FlipkartPageTest" name="navigate_to_flipkartPage" time="10.905"/>
  <testcase classname="Test.FlipkartPageTest" name="enterValueInSearchBox" time="1.816"/>
  <testcase classname="Test.FlipkartPageTest" name="phone_price" time="0.779"/>
  <testcase classname="Test.FlipkartPageTest" name="priceComparison" time="1.030"/>
</testsuite> <!-- Test.FlipkartPageTest -->
