<?xml version="1.0" encoding="UTF-8"?>
<!-- Generated by org.testng.reporters.JUnitReportReporter -->
<testsuite hostname="DESKTOP-OIGE0TE" failures="0" tests="8" name="Test.PriceComparisonTest" time="54.631" errors="0" timestamp="2020-02-26T19:51:43 IST" skipped="0">
  <testcase classname="Test.PriceComparisonTest" name="homePage" time="23.822"/>
  <testcase classname="Test.PriceComparisonTest" name="navigate_to_amazonPage" time="0.840"/>
  <testcase classname="Test.PriceComparisonTest" name="enteringValueInSearch" time="10.757"/>
  <testcase classname="Test.PriceComparisonTest" name="getting_the_price_of_the_phone" time="0.551"/>
  <testcase classname="Test.PriceComparisonTest" name="navigate_to_flipkartPage" time="13.732"/>
  <testcase classname="Test.PriceComparisonTest" name="enterValueInSearchBox" time="1.220"/>
  <testcase classname="Test.PriceComparisonTest" name="phone_price" time="3.261"/>
  <testcase classname="Test.PriceComparisonTest" name="priceComparison" time="0.448"/>
</testsuite> <!-- Test.PriceComparisonTest -->
